Arguments: 
  /usr/local/Cellar/node/13.8.0/bin/node /Users/carlorothschild/.yarn/bin/yarn.js add creat-react-app

PATH: 
  /Users/carlorothschild/.yarn/bin:/Users/carlorothschild/.config/yarn/global/node_modules/.bin:/Library/Frameworks/Python.framework/Versions/3.8/bin:/usr/local/bin:/usr/bin:/bin:/usr/sbin:/sbin:/usr/local/CrossPack-AVR/bin:/Applications/Wireshark.app/Contents/MacOS

Yarn version: 
  1.21.1

Node version: 
  13.8.0

Platform: 
  darwin x64

Trace: 
  Error: https://registry.yarnpkg.com/creat-react-app: Not found
      at Request.params.callback [as _callback] (/Users/carlorothschild/.yarn/lib/cli.js:66947:18)
      at Request.self.callback (/Users/carlorothschild/.yarn/lib/cli.js:140665:22)
      at Request.emit (events.js:321:20)
      at Request.<anonymous> (/Users/carlorothschild/.yarn/lib/cli.js:141637:10)
      at Request.emit (events.js:321:20)
      at IncomingMessage.<anonymous> (/Users/carlorothschild/.yarn/lib/cli.js:141559:12)
      at Object.onceWrapper (events.js:427:28)
      at IncomingMessage.emit (events.js:333:22)
      at endReadableNT (_stream_readable.js:1201:12)
      at processTicksAndRejections (internal/process/task_queues.js:84:21)

npm manifest: 
  No manifest

yarn manifest: 
  No manifest

Lockfile: 
  # THIS IS AN AUTOGENERATED FILE. DO NOT EDIT THIS FILE DIRECTLY.
  # yarn lockfile v1
